#-----------------------------------------------------------
# Webtalk v2015.4 (64-bit)
# SW Build 1412921 on Wed Nov 18 09:44:32 MST 2015
# 
# Start of session at: Thu Apr 25 03:35:21 2019
# Process ID: 77668
# Current directory: /home/wenshuran/Desktop/ov7670_VDMA_VGA-master/ov7670_vga/ov7670_vga.sdk/webtalk
# Command line: wbtcv -mode batch -source sdk_webtalk.tcl
# Log file: /home/wenshuran/Desktop/ov7670_VDMA_VGA-master/ov7670_vga/ov7670_vga.sdk/webtalk/webtalk.log
# Journal file: /home/wenshuran/Desktop/ov7670_VDMA_VGA-master/ov7670_vga/ov7670_vga.sdk/webtalk/webtalk.jou
#-----------------------------------------------------------
source sdk_webtalk.tcl
# webtalk_init -webtalk_dir /home/wenshuran/Desktop/ov7670_VDMA_VGA-master/ov7670_vga/ov7670_vga.sdk/webtalk
# webtalk_register_client -client project
# webtalk_add_data -client project -key date_generated -value "Thu Apr 25 03:35:20 2019" -context "software_version_and_target_device"
# webtalk_add_data -client project -key product_version -value "SDK v2015.4" -context "software_version_and_target_device"
# webtalk_add_data -client project -key build_version -value "2015.4" -context "software_version_and_target_device"
# webtalk_add_data -client project -key os_platform -value "amd64" -context "software_version_and_target_device"
# webtalk_add_data -client project -key registration_id -value "" -context "software_version_and_target_device"
# webtalk_add_data -client project -key tool_flow -value "SDK" -context "software_version_and_target_device"
# webtalk_add_data -client project -key beta -value "false" -context "software_version_and_target_device"
# webtalk_add_data -client project -key route_design -value "NA" -context "software_version_and_target_device"
# webtalk_add_data -client project -key target_family -value "NA" -context "software_version_and_target_device"
# webtalk_add_data -client project -key target_device -value "NA" -context "software_version_and_target_device"
# webtalk_add_data -client project -key target_package -value "NA" -context "software_version_and_target_device"
# webtalk_add_data -client project -key target_speed -value "NA" -context "software_version_and_target_device"
# webtalk_add_data -client project -key random_id -value "ddprib1tvqhe0jvesmpu40rri" -context "software_version_and_target_device"
# webtalk_add_data -client project -key project_id -value "2015.4_9" -context "software_version_and_target_device"
# webtalk_add_data -client project -key project_iteration -value "9" -context "software_version_and_target_device"
# webtalk_add_data -client project -key os_name -value "" -context "user_environment"
# webtalk_add_data -client project -key os_release -value "" -context "user_environment"
# webtalk_add_data -client project -key cpu_name -value "" -context "user_environment"
# webtalk_add_data -client project -key cpu_speed -value "" -context "user_environment"
# webtalk_add_data -client project -key total_processors -value "" -context "user_environment"
# webtalk_add_data -client project -key system_ram -value "" -context "user_environment"
# webtalk_register_client -client sdk
# webtalk_add_data -client sdk -key uid -value "1556163889000" -context "sdk\\\\hardware/1556163889000"
# webtalk_add_data -client sdk -key isZynq -value "true" -context "sdk\\\\hardware/1556163889000"
# webtalk_add_data -client sdk -key Processors -value "2" -context "sdk\\\\hardware/1556163889000"
# webtalk_add_data -client sdk -key VivadoVersion -value "2015.4" -context "sdk\\\\hardware/1556163889000"
# webtalk_add_data -client sdk -key Arch -value "zynq" -context "sdk\\\\hardware/1556163889000"
# webtalk_add_data -client sdk -key Device -value "7z020" -context "sdk\\\\hardware/1556163889000"
# webtalk_add_data -client sdk -key IsHandoff -value "true" -context "sdk\\\\hardware/1556163889000"
# webtalk_add_data -client sdk -key uid -value "1556164230000" -context "sdk\\\\bsp/1556164230000"
# webtalk_add_data -client sdk -key hwid -value "1555939434000" -context "sdk\\\\bsp/1556164230000"
# webtalk_add_data -client sdk -key os -value "device_tree" -context "sdk\\\\bsp/1556164230000"
# webtalk_add_data -client sdk -key apptemplate -value "null" -context "sdk\\\\bsp/1556164230000"
# webtalk_add_data -client sdk -key uid -value "1556164315000" -context "sdk\\\\bsp/1556164315000"
# webtalk_add_data -client sdk -key hwid -value "1555939434000" -context "sdk\\\\bsp/1556164315000"
# webtalk_add_data -client sdk -key os -value "device_tree" -context "sdk\\\\bsp/1556164315000"
# webtalk_add_data -client sdk -key apptemplate -value "null" -context "sdk\\\\bsp/1556164315000"
# webtalk_add_data -client sdk -key uid -value "1556164756000" -context "sdk\\\\bsp/1556164756000"
# webtalk_add_data -client sdk -key hwid -value "1555939434000" -context "sdk\\\\bsp/1556164756000"
# webtalk_add_data -client sdk -key os -value "device_tree" -context "sdk\\\\bsp/1556164756000"
# webtalk_add_data -client sdk -key apptemplate -value "null" -context "sdk\\\\bsp/1556164756000"
# webtalk_transmit -clientid 784353454 -regid "" -xml /home/wenshuran/Desktop/ov7670_VDMA_VGA-master/ov7670_vga/ov7670_vga.sdk/webtalk/usage_statistics_ext_sdk.xml -html /home/wenshuran/Desktop/ov7670_VDMA_VGA-master/ov7670_vga/ov7670_vga.sdk/webtalk/usage_statistics_ext_sdk.html -wdm /home/wenshuran/Desktop/ov7670_VDMA_VGA-master/ov7670_vga/ov7670_vga.sdk/webtalk/sdk_webtalk.wdm -intro "<H3>SDK Usage Report</H3><BR>"

    while executing
"webtalk_transmit -clientid 784353454 -regid "" -xml /home/wenshuran/Desktop/ov7670_VDMA_VGA-master/ov7670_vga/ov7670_vga.sdk/webtalk/usage_statistics_..."
    (file "sdk_webtalk.tcl" line 44)
INFO: [Common 17-206] Exiting Webtalk at Thu Apr 25 03:35:21 2019...
